<?xml version="1.0" encoding="UTF-8"?>
<testsuite xmlns:xsi="http://www.w3.org/2001/XMLSchema-instance" xsi:noNamespaceSchemaLocation="https://maven.apache.org/surefire/maven-surefire-plugin/xsd/surefire-test-report.xsd" name="com.EBusiness.BaseTest" time="0" tests="1" errors="1" skipped="0" failures="0">
  <properties>
    <property name="sun.desktop" value="windows"/>
    <property name="awt.toolkit" value="sun.awt.windows.WToolkit"/>
    <property name="file.encoding.pkg" value="sun.io"/>
    <property name="java.specification.version" value="1.8"/>
    <property name="sun.cpu.isalist" value="amd64"/>
    <property name="sun.jnu.encoding" value="GBK"/>
    <property name="java.class.path" value="E:\cyan\EBusiness\target\test-classes;E:\cyan\EBusiness\target\classes;D:\MvnRepository\junit\junit\4.12\junit-4.12.jar;D:\MvnRepository\org\hamcrest\hamcrest-core\1.3\hamcrest-core-1.3.jar;D:\MvnRepository\log4j\log4j\1.2.12\log4j-1.2.12.jar;D:\MvnRepository\mysql\mysql-connector-java\8.0.15\mysql-connector-java-8.0.15.jar;D:\MvnRepository\com\google\protobuf\protobuf-java\3.6.1\protobuf-java-3.6.1.jar;D:\MvnRepository\com\mchange\c3p0\0.9.5.2\c3p0-0.9.5.2.jar;D:\MvnRepository\com\mchange\mchange-commons-java\0.2.11\mchange-commons-java-0.2.11.jar;D:\MvnRepository\org\mybatis\mybatis\3.5.0\mybatis-3.5.0.jar;D:\MvnRepository\org\mybatis\mybatis-spring\2.0.0\mybatis-spring-2.0.0.jar;D:\MvnRepository\org\springframework\spring-core\5.1.3.RELEASE\spring-core-5.1.3.RELEASE.jar;D:\MvnRepository\org\springframework\spring-jcl\5.1.3.RELEASE\spring-jcl-5.1.3.RELEASE.jar;D:\MvnRepository\org\springframework\spring-beans\5.1.3.RELEASE\spring-beans-5.1.3.RELEASE.jar;D:\MvnRepository\org\springframework\spring-context\5.1.3.RELEASE\spring-context-5.1.3.RELEASE.jar;D:\MvnRepository\org\springframework\spring-aop\5.1.3.RELEASE\spring-aop-5.1.3.RELEASE.jar;D:\MvnRepository\org\springframework\spring-expression\5.1.3.RELEASE\spring-expression-5.1.3.RELEASE.jar;D:\MvnRepository\org\springframework\spring-jdbc\5.1.3.RELEASE\spring-jdbc-5.1.3.RELEASE.jar;D:\MvnRepository\org\springframework\spring-tx\5.1.3.RELEASE\spring-tx-5.1.3.RELEASE.jar;D:\MvnRepository\org\springframework\spring-web\5.1.3.RELEASE\spring-web-5.1.3.RELEASE.jar;D:\MvnRepository\org\springframework\spring-webmvc\5.1.3.RELEASE\spring-webmvc-5.1.3.RELEASE.jar;D:\MvnRepository\org\springframework\spring-test\5.1.3.RELEASE\spring-test-5.1.3.RELEASE.jar;D:\MvnRepository\commons-collections\commons-collections\3.2\commons-collections-3.2.jar;D:\MvnRepository\taglibs\standard\1.1.2\standard-1.1.2.jar;D:\MvnRepository\jstl\jstl\1.2\jstl-1.2.jar;D:\MvnRepository\com\fasterxml\jackson\core\jackson-databind\2.9.8\jackson-databind-2.9.8.jar;D:\MvnRepository\com\fasterxml\jackson\core\jackson-annotations\2.9.0\jackson-annotations-2.9.0.jar;D:\MvnRepository\com\fasterxml\jackson\core\jackson-core\2.9.8\jackson-core-2.9.8.jar;D:\MvnRepository\javax\servlet\javax.servlet-api\3.1.0\javax.servlet-api-3.1.0.jar;"/>
    <property name="java.vm.vendor" value="Oracle Corporation"/>
    <property name="sun.arch.data.model" value="64"/>
    <property name="user.variant" value=""/>
    <property name="java.vendor.url" value="http://java.oracle.com/"/>
    <property name="user.timezone" value="Asia/Shanghai"/>
    <property name="java.vm.specification.version" value="1.8"/>
    <property name="os.name" value="Windows 10"/>
    <property name="user.country" value="CN"/>
    <property name="sun.java.launcher" value="SUN_STANDARD"/>
    <property name="sun.boot.library.path" value="D:\Program Files\Java\jdk1.8.0_131\jre\bin"/>
    <property name="sun.java.command" value="C:\Users\ADMINI~1.SG-\AppData\Local\Temp\surefire7262330455710934960\surefirebooter785098290000920371.jar C:\Users\Administrator.SG-20160911WJVD\AppData\Local\Temp\surefire7262330455710934960 2019-04-24T18-23-54_127-jvmRun1 surefire6147267056685956799tmp surefire_0558242456762794197tmp"/>
    <property name="surefire.test.class.path" value="E:\cyan\EBusiness\target\test-classes;E:\cyan\EBusiness\target\classes;D:\MvnRepository\junit\junit\4.12\junit-4.12.jar;D:\MvnRepository\org\hamcrest\hamcrest-core\1.3\hamcrest-core-1.3.jar;D:\MvnRepository\log4j\log4j\1.2.12\log4j-1.2.12.jar;D:\MvnRepository\mysql\mysql-connector-java\8.0.15\mysql-connector-java-8.0.15.jar;D:\MvnRepository\com\google\protobuf\protobuf-java\3.6.1\protobuf-java-3.6.1.jar;D:\MvnRepository\com\mchange\c3p0\0.9.5.2\c3p0-0.9.5.2.jar;D:\MvnRepository\com\mchange\mchange-commons-java\0.2.11\mchange-commons-java-0.2.11.jar;D:\MvnRepository\org\mybatis\mybatis\3.5.0\mybatis-3.5.0.jar;D:\MvnRepository\org\mybatis\mybatis-spring\2.0.0\mybatis-spring-2.0.0.jar;D:\MvnRepository\org\springframework\spring-core\5.1.3.RELEASE\spring-core-5.1.3.RELEASE.jar;D:\MvnRepository\org\springframework\spring-jcl\5.1.3.RELEASE\spring-jcl-5.1.3.RELEASE.jar;D:\MvnRepository\org\springframework\spring-beans\5.1.3.RELEASE\spring-beans-5.1.3.RELEASE.jar;D:\MvnRepository\org\springframework\spring-context\5.1.3.RELEASE\spring-context-5.1.3.RELEASE.jar;D:\MvnRepository\org\springframework\spring-aop\5.1.3.RELEASE\spring-aop-5.1.3.RELEASE.jar;D:\MvnRepository\org\springframework\spring-expression\5.1.3.RELEASE\spring-expression-5.1.3.RELEASE.jar;D:\MvnRepository\org\springframework\spring-jdbc\5.1.3.RELEASE\spring-jdbc-5.1.3.RELEASE.jar;D:\MvnRepository\org\springframework\spring-tx\5.1.3.RELEASE\spring-tx-5.1.3.RELEASE.jar;D:\MvnRepository\org\springframework\spring-web\5.1.3.RELEASE\spring-web-5.1.3.RELEASE.jar;D:\MvnRepository\org\springframework\spring-webmvc\5.1.3.RELEASE\spring-webmvc-5.1.3.RELEASE.jar;D:\MvnRepository\org\springframework\spring-test\5.1.3.RELEASE\spring-test-5.1.3.RELEASE.jar;D:\MvnRepository\commons-collections\commons-collections\3.2\commons-collections-3.2.jar;D:\MvnRepository\taglibs\standard\1.1.2\standard-1.1.2.jar;D:\MvnRepository\jstl\jstl\1.2\jstl-1.2.jar;D:\MvnRepository\com\fasterxml\jackson\core\jackson-databind\2.9.8\jackson-databind-2.9.8.jar;D:\MvnRepository\com\fasterxml\jackson\core\jackson-annotations\2.9.0\jackson-annotations-2.9.0.jar;D:\MvnRepository\com\fasterxml\jackson\core\jackson-core\2.9.8\jackson-core-2.9.8.jar;D:\MvnRepository\javax\servlet\javax.servlet-api\3.1.0\javax.servlet-api-3.1.0.jar;"/>
    <property name="sun.cpu.endian" value="little"/>
    <property name="user.home" value="C:\Users\Administrator.SG-20160911WJVD"/>
    <property name="user.language" value="zh"/>
    <property name="java.specification.vendor" value="Oracle Corporation"/>
    <property name="java.home" value="D:\Program Files\Java\jdk1.8.0_131\jre"/>
    <property name="basedir" value="E:\cyan\EBusiness"/>
    <property name="file.separator" value="\"/>
    <property name="line.separator" value="&#10;"/>
    <property name="java.vm.specification.vendor" value="Oracle Corporation"/>
    <property name="java.specification.name" value="Java Platform API Specification"/>
    <property name="java.awt.graphicsenv" value="sun.awt.Win32GraphicsEnvironment"/>
    <property name="surefire.real.class.path" value="C:\Users\ADMINI~1.SG-\AppData\Local\Temp\surefire7262330455710934960\surefirebooter785098290000920371.jar"/>
    <property name="sun.boot.class.path" value="D:\Program Files\Java\jdk1.8.0_131\jre\lib\resources.jar;D:\Program Files\Java\jdk1.8.0_131\jre\lib\rt.jar;D:\Program Files\Java\jdk1.8.0_131\jre\lib\sunrsasign.jar;D:\Program Files\Java\jdk1.8.0_131\jre\lib\jsse.jar;D:\Program Files\Java\jdk1.8.0_131\jre\lib\jce.jar;D:\Program Files\Java\jdk1.8.0_131\jre\lib\charsets.jar;D:\Program Files\Java\jdk1.8.0_131\jre\lib\jfr.jar;D:\Program Files\Java\jdk1.8.0_131\jre\classes"/>
    <property name="user.script" value=""/>
    <property name="sun.management.compiler" value="HotSpot 64-Bit Tiered Compilers"/>
    <property name="java.runtime.version" value="1.8.0_131-b11"/>
    <property name="user.name" value="ZLL"/>
    <property name="path.separator" value=";"/>
    <property name="os.version" value="10.0"/>
    <property name="java.endorsed.dirs" value="D:\Program Files\Java\jdk1.8.0_131\jre\lib\endorsed"/>
    <property name="java.runtime.name" value="Java(TM) SE Runtime Environment"/>
    <property name="file.encoding" value="GBK"/>
    <property name="java.vm.name" value="Java HotSpot(TM) 64-Bit Server VM"/>
    <property name="localRepository" value="D:\MvnRepository"/>
    <property name="java.vendor.url.bug" value="http://bugreport.sun.com/bugreport/"/>
    <property name="java.io.tmpdir" value="C:\Users\ADMINI~1.SG-\AppData\Local\Temp\"/>
    <property name="idea.version" value="2017.2.6"/>
    <property name="java.version" value="1.8.0_131"/>
    <property name="user.dir" value="E:\cyan\EBusiness"/>
    <property name="os.arch" value="amd64"/>
    <property name="java.vm.specification.name" value="Java Virtual Machine Specification"/>
    <property name="java.awt.printerjob" value="sun.awt.windows.WPrinterJob"/>
    <property name="sun.os.patch.level" value=""/>
    <property name="java.library.path" value="D:\Program Files\Java\jdk1.8.0_131\jre\bin;C:\WINDOWS\Sun\Java\bin;C:\WINDOWS\system32;C:\WINDOWS;D:\Program Files\Java\jre1.8.0_131\bin;C:\WINDOWS\system32;C:\WINDOWS;C:\WINDOWS\System32\Wbem;C:\WINDOWS\System32\WindowsPowerShell\v1.0\;C:\WINDOWS\system32\config\systemprofile\.dnx\bin;C:\Program Files\Microsoft DNX\Dnvm\;E:\Program Files (x86)\Microsoft SQL Server\100\Tools\Binn\;E:\Program Files\Microsoft SQL Server\100\Tools\Binn\;E:\Program Files\Microsoft SQL Server\100\DTS\Binn\;E:\Program Files (x86)\Microsoft SQL Server\100\Tools\Binn\VSShell\Common7\IDE\;C:\Program Files (x86)\Microsoft Visual Studio 9.0\Common7\IDE\PrivateAssemblies\;E:\Program Files (x86)\Microsoft SQL Server\100\DTS\Binn\;D:\Program Files\bin;C:\Program Files\WIDCOMM\Bluetooth Software\;C:\Program Files\WIDCOMM\Bluetooth Software\syswow64;D:\Program Files\Java\jdk1.8.0_131\bin;D:\Program Files\Java\jdk1.8.0_131\jre\bin;D:\hadoop-2.7.4\bin;D:\hadoop-2.7.4\sbin;D:\apache-tomcat-9.0.2\lib;D:\apache-tomcat-9.0.2\bin;D:\Program Files\mysql-5.7.20-winx64\bin;D:\Program Files\mysql-5.7.20-winx64\bin;&quot;D:\Program Files\Java\jdk1.8.0_131\bin;D:\Program Files\Java\jdk1.8.0_131\jre\bin&quot;;D:\Program Files\Java\jdk1.8.0_131\bin;D:\VisualSVN Server\bin;E:\Study\apache-maven-3.5.4\bin;D:\Program Files\Git\cmd;D:\Program Files\TortoiseGit\bin;E:\eclipse for j2ee\gradle-4.10.2\bin;D:\Program Files\Java\jdk1.8.0_131\bin;D:\Program Files\nodejs\;D:\Program Files (x86)\Scripts\;D:\Program Files (x86)\;C:\Users\Administrator.SG-20160911WJVD\AppData\Local\Microsoft\WindowsApps;;D:\Program Files (x86)\Diffuse;C:\Users\Administrator.SG-20160911WJVD\AppData\Roaming\npm;."/>
    <property name="java.vm.info" value="mixed mode"/>
    <property name="java.vendor" value="Oracle Corporation"/>
    <property name="java.vm.version" value="25.131-b11"/>
    <property name="java.ext.dirs" value="D:\Program Files\Java\jdk1.8.0_131\jre\lib\ext;C:\WINDOWS\Sun\Java\lib\ext"/>
    <property name="sun.io.unicode.encoding" value="UnicodeLittle"/>
    <property name="maven.repo.local" value="D:\MvnRepository"/>
    <property name="java.class.version" value="52.0"/>
  </properties>
  <testcase name="initializationError" classname="com.EBusiness.BaseTest" time="0">
    <error message="No runnable methods" type="java.lang.Exception">java.lang.Exception: No runnable methods
</error>
  </testcase>
</testsuite>